2025-07-31 17:13:34,200 DEBUG    root            Loaded Command Group: ['gcloud', 'config']
2025-07-31 17:13:34,203 DEBUG    root            Loaded Command Group: ['gcloud', 'config', 'config_helper']
2025-07-31 17:13:34,207 DEBUG    root            Running [gcloud.config.config-helper] with arguments: [--format: "json", --min-expiry: "1800"]
2025-07-31 17:13:34,266 DEBUG    google.auth.transport.requests Making request: GET http://metadata.google.internal/computeMetadata/v1/instance/service-accounts/757073653230-compute@developer.gserviceaccount.com/?recursive=true
2025-07-31 17:13:34,269 DEBUG    urllib3.connectionpool Starting new HTTP connection (1): metadata.google.internal:80
2025-07-31 17:13:34,271 DEBUG    urllib3.connectionpool http://metadata.google.internal:80 "GET /computeMetadata/v1/instance/service-accounts/757073653230-compute@developer.gserviceaccount.com/?recursive=true HTTP/11" 200 154
2025-07-31 17:13:34,272 DEBUG    google.auth.transport.requests Making request: GET http://metadata.google.internal/computeMetadata/v1/instance/service-accounts/757073653230-compute@developer.gserviceaccount.com/token
2025-07-31 17:13:34,275 DEBUG    urllib3.connectionpool http://metadata.google.internal:80 "GET /computeMetadata/v1/instance/service-accounts/757073653230-compute@developer.gserviceaccount.com/token HTTP/11" 200 871
2025-07-31 17:13:34,321 DEBUG    root            Chosen display Format:default json
2025-07-31 17:13:34,321 INFO     root            Display format: "default json"
2025-07-31 17:13:34,342 INFO     ___FILE_ONLY___ {
  "configuration": {
    "active_configuration": "default",
    "properties": {
      "compute": {
        "region": "us-central1"
      },
      "core": {
        "account": "757073653230-compute@developer.gserviceaccount.com",
        "disable_usage_reporting": "True",
        "project": "qwiklabs-asl-01-e660751acd56"
      },
      "dataproc": {
        "region": "us-central1"
      }
    }
  },
  "credential": {
    "access_token": "ya29.c.c0ASRK0GY3Vi_EapNNM83u4ztp35ornLgcxAoxcg1GxbnA-K6T4bobs1a7zHJ-MH8IUPVmV8M1NWBB6_oRzzXciBjcMTpeungU_u_bX_N2R2m_FIUImgJM0zglZhyLTpr0Xq6RTh8fbvXqsSs0eNMltLq-foOortKNot9RkwtnZxm0wYzNqxxU-eGvdCv2tpbG80UhaYebXGK718BtEggk_N4An8s9GLxLGZmdnDGzHtqZ82cZAHVz6JLM-opP8Z6UAJscYW0z_cSzYSKdYlVhYYEhDEQBhd3ak1apCGE4fDW7-7OO-kJLfzJHQHaYfkcrx4hrbu1XNPpDMjgdZN5iV65AAUWSfjyy0qBUCg-ruL_R9CsGG24AcZkis8G1SwBNeVrAkBHlG8eAxK5bpg84H413KMYIadpRpX78elJ8_qnukSZSofz6rxYmzUI3w17bS0dlSljn96eVw8c-UxS7Jv8VgfXSYWkuh1QI2Z9Ub3ZBvluQfz6_Rj6-M3mO2ZVWW7JftYiFf4e-6V007kwxnsvBwk994dbs5cwSwQBM49aod-O9m5q9efsbBaeW9OsyahYnUQ_O4Jc3vY5MteSXiF0Vs4FjSmpqMfwqxwXOgeYxM0ZawXUvocvk5cJhcB_IiYgQ0nJsxon2dp-kJkapSbaxwdIWVaQpkhW08a8dQZapO54OM9fWvM5MW7skc25XQ9UwcvarmwaSOQZMU9cBi43phsXSXUzry9QiSgBr2olgFWj9t09pMlb_2j5WImm-ruVdVdqcoumQRx7_pUU0SOMgq_xksrM7JBzr0VySff28kgn1uJtQdji6bwOalI6iafld3b38I19k4bp0BhbZ2vcRZ32ij6xyp9Ys-7cmY8SX8jQno5dX0klo3UqoFvk5gqmqQJyusdSMJu-pbqSm4yaaugBndu9yl4dokY5Q7MeOsztv2j-8Y8lgIiokv4i5ahYlmkYl1y9IIbUy_iFmfuhWolBWkx_Qm0lhF0iskdc1dRjpS10nwZB",
    "id_token": "eyJhbGciOiJSUzI1NiIsImtpZCI6ImRkNTMwMTIwNGZjMWQ2YTBkNjhjNzgzYTM1Y2M5YzEwYjI1ZTFmNGEiLCJ0eXAiOiJKV1QifQ.eyJhdWQiOiIzMjU1NTk0MDU1OS5hcHBzLmdvb2dsZXVzZXJjb250ZW50LmNvbSIsImF6cCI6IjEwMzI2NzA1MjQ4NTMwMzYxNzI0OSIsImV4cCI6MTc1Mzk4NTYxNCwiaWF0IjoxNzUzOTgyMDE0LCJpc3MiOiJodHRwczovL2FjY291bnRzLmdvb2dsZS5jb20iLCJzdWIiOiIxMDMyNjcwNTI0ODUzMDM2MTcyNDkifQ.AM2gTxSvIV9oC5sisEmlh0xP6KgGlw3y51fzM7XvCZ3TjU1AIbcqG1NkxSnIK5ltgC4cNpBEFjYy065tgZ2WctAtAJIjkL94ECacF0hNkTffyOag3o1L4Ftb4mk7R5A5O4z-Sg7iIKleIFXJL0xTP8WJO6efA47hXcoedpH599BDjs6K7fWtCQ5lzoH6VB0LOSyu3AhmY1ZA5TjyfrXeE9-WS-z5Ncxb4qVsxQYIZj-ecXsYkqryNYWwna1ypchQFNPcECDEMG6irvVSJTbQw7-FlfrjMDeJTseC_y6vpU8C-zHtJ2Oi4Eld2s614HQ7PjyWgtBF8wy0K3iucGoQZw",
    "token_expiry": "2025-07-31T17:55:46Z"
  },
  "sentinels": {
    "config_sentinel": "/home/jupyter/.config/gcloud/config_sentinel"
  }
}
2025-07-31 17:13:34,342 INFO     ___FILE_ONLY___ 

2025-07-31 17:13:34,342 DEBUG    root            SDK update checks are disabled.
