2025-07-30 19:30:09,987 DEBUG    root            Loaded Command Group: ['gcloud', 'config']
2025-07-30 19:30:09,990 DEBUG    root            Loaded Command Group: ['gcloud', 'config', 'config_helper']
2025-07-30 19:30:09,993 DEBUG    root            Running [gcloud.config.config-helper] with arguments: [--format: "json", --min-expiry: "1800"]
2025-07-30 19:30:10,042 DEBUG    google.auth.transport.requests Making request: GET http://metadata.google.internal/computeMetadata/v1/instance/service-accounts/757073653230-compute@developer.gserviceaccount.com/?recursive=true
2025-07-30 19:30:10,045 DEBUG    urllib3.connectionpool Starting new HTTP connection (1): metadata.google.internal:80
2025-07-30 19:30:10,047 DEBUG    urllib3.connectionpool http://metadata.google.internal:80 "GET /computeMetadata/v1/instance/service-accounts/757073653230-compute@developer.gserviceaccount.com/?recursive=true HTTP/11" 200 154
2025-07-30 19:30:10,048 DEBUG    google.auth.transport.requests Making request: GET http://metadata.google.internal/computeMetadata/v1/instance/service-accounts/757073653230-compute@developer.gserviceaccount.com/token
2025-07-30 19:30:10,050 DEBUG    urllib3.connectionpool http://metadata.google.internal:80 "GET /computeMetadata/v1/instance/service-accounts/757073653230-compute@developer.gserviceaccount.com/token HTTP/11" 200 869
2025-07-30 19:30:10,068 DEBUG    root            Chosen display Format:default json
2025-07-30 19:30:10,069 INFO     root            Display format: "default json"
2025-07-30 19:30:10,091 INFO     ___FILE_ONLY___ {
  "configuration": {
    "active_configuration": "default",
    "properties": {
      "compute": {
        "region": "us-central1"
      },
      "core": {
        "account": "757073653230-compute@developer.gserviceaccount.com",
        "disable_usage_reporting": "True",
        "project": "qwiklabs-asl-01-e660751acd56"
      },
      "dataproc": {
        "region": "us-central1"
      }
    }
  },
  "credential": {
    "access_token": "ya29.c.c0ASRK0GbUz73le8mHij90tx-91BKD0jY9CKYRR0KHnFIXAeL0_DOJoaBVM5vZniVeHlIbcQpc1e5glaMjXxEre1mPPiWXwZLMMbkdwRnUw02efneAveIwtdbUG9nKTsO_dBLkFNhMC6pP0emZQsnCiHDDu303YK6B-YCKOQocd_h_9cO34pDxQqF9EArqExVKoHGLibfLSQ-hUyCsWT-BL_KNcvpmAIyx6zfGP8hSN9PEuREVBojArvW0nKKBpeMhW4Ej9vK4PW4O-7WnWf8QaQJu9OtfAgfCsTvsF9aAdes-tUNYUmMsUqz0yiJl9KDRXDLSQweHCgabvckR14rvhwvE9IlAZx1M1NsQgclHNftln9oGMxAyWKIyFIOlomANNkOyUpffUeGk_Klqeo3VXQE415DpeOaSXh0om4U5iU7tb-ZJaW8qBhzo16nmIF6-7efjYJt82XgBk45Jskyh0hwv7X6cdxkznc7vrqZIf4kUXmzMbOoQrbBkRz51_ZpB9c5usn0RFc5terUBXeaY8ebiqStxwoleemUMzrvn1r2W4w_IthvUStkjh3bJFt4eyzbQYQ9d4nk3d6VWV-QRR16_sXb5qwQVqSiiBsWfdfzYr5wF-4W7ltWsptI11z5Oh7VBfnilbe7RzJqz8v1nOuUIF0xns-fk4mSlSpBMJ68870f2rRZBemXxu983-eZfXQkqJsjtuU1sIjV3-oX2cirsMlieMgitzhrI59QYI98gbb0Z801jjkavule6-4Rk2foMklStZrws-Zc75wm1Q67zfZ9v9FRVnzvjqgunnF2gBf39mqtWhUUb1rIiahF4Ynm8Wnc5m8BUJrU4_o3oSZ9ZXVtiqMM90Sk0Undix-3Uze_rYJBsO9W6m3rhM4vzv17b56t6zmjkJavZj4tO1hrg4q127gQecoIMkl9ki1rrvjR_VSc69a-dhssuWOnac2bnd1-sSR3d7sgjSWuY5I6ce08-Z0_39h596cf506aX9hzZI6rzsUi",
    "id_token": "eyJhbGciOiJSUzI1NiIsImtpZCI6ImRkNTMwMTIwNGZjMWQ2YTBkNjhjNzgzYTM1Y2M5YzEwYjI1ZTFmNGEiLCJ0eXAiOiJKV1QifQ.eyJhdWQiOiIzMjU1NTk0MDU1OS5hcHBzLmdvb2dsZXVzZXJjb250ZW50LmNvbSIsImF6cCI6IjEwMzI2NzA1MjQ4NTMwMzYxNzI0OSIsImV4cCI6MTc1MzkwNzQxMCwiaWF0IjoxNzUzOTAzODEwLCJpc3MiOiJodHRwczovL2FjY291bnRzLmdvb2dsZS5jb20iLCJzdWIiOiIxMDMyNjcwNTI0ODUzMDM2MTcyNDkifQ.BzgkRKLW7Rs35NjF5FOhjnaT1IzvvQx2dtHtDNAZDpKKXG8hhgupAVjZgLcy0Ly4j20dabJea2SlrzlD_a1nmmg8nebNfB3Z5H2uteW1D9NiD-dNSm3PBHea8dMPSF-WFRxeGkN6sRY2FN8qVnlfi-IzpkNo2liWYCr40iIgbKplPTJx8owZpxXeKbcsGB5MGm75ALLYXHbplQuRJf3Y6RobG9LWa1RHimjFcb3h76s8ADHGOwfvvvfEWEJNvcrCOIR9c0Sz6tXJl8J2kwJO7Qfds6ADCPCemDKJXOZXQtmKP4FoFGgeXhMTAY96WURAwJqX_-QJN39DTfIcbt9WEA",
    "token_expiry": "2025-07-30T20:12:00Z"
  },
  "sentinels": {
    "config_sentinel": "/home/jupyter/.config/gcloud/config_sentinel"
  }
}
2025-07-30 19:30:10,091 INFO     ___FILE_ONLY___ 

2025-07-30 19:30:10,091 DEBUG    root            SDK update checks are disabled.
