2025-07-29 18:55:06,818 DEBUG    root            Loaded Command Group: ['gcloud', 'config']
2025-07-29 18:55:06,820 DEBUG    root            Loaded Command Group: ['gcloud', 'config', 'config_helper']
2025-07-29 18:55:06,823 DEBUG    root            Running [gcloud.config.config-helper] with arguments: [--format: "json", --min-expiry: "1800"]
2025-07-29 18:55:06,842 DEBUG    root            Chosen display Format:default json
2025-07-29 18:55:06,843 INFO     root            Display format: "default json"
2025-07-29 18:55:06,861 INFO     ___FILE_ONLY___ {
  "configuration": {
    "active_configuration": "default",
    "properties": {
      "compute": {
        "region": "us-central1"
      },
      "core": {
        "account": "757073653230-compute@developer.gserviceaccount.com",
        "disable_usage_reporting": "True",
        "project": "qwiklabs-asl-01-e660751acd56"
      },
      "dataproc": {
        "region": "us-central1"
      }
    }
  },
  "credential": {
    "access_token": "ya29.c.c0ASRK0GaNmorPb5wWzTzUkktuGnq4TZ0dURT0GISb9M57Sa4pbyWkyDkkGfF-tq5e--Ude1GgqcotQptqxCD9KM7Wo9HYgaDKi5e4uVMeiAfuVqwR1oUl6bfbbAKSfLcVM8qvFOOsLH18wkAfYZfBAzvzrIeN38nAPTei6AE9-l48ae8hNEFPXUrAHS-iyH2-iZ4Vlx1I7hqjwaHe-16QGK3Q6ZNc-QKc6_yD9kDRB1dkKKDnrIg0UFdcwbV7_jLlvqIpAFLOdvsnxq9xXGMX58B97DC7o5b7gDCIQpHrCYk8O9qwaszoow3GV1lHG1-n2r94tMqt0hRP12YF77eDwVeeNessKZCe6zwfhKvbtG73vwdUnvpty3WRRx0DoeeoXWlKx06hC51F74m59EXLN90T416DpI4MfWVZIFMsyrnd-QBSktblUO4WmRbhssmcWJsZ7lW-bgdI_4bWhdmflfJ7vcnxOU5Xz7sl5wY7o1XqUyt0OjUO0SwdFgipcUO-sh5Xh9ew1vc9jqf-WxU9uwVfumhcttX5d4p4YWsb1FueaYRfnpz1yi4Jf0ZYsfoQdnwWFaJgRcQZpBnexl2o9oUW7o0ttvbvX_QRV9vznB0hUzldn9zlB8etzcljZtwp3nZrfoJ3BIhZ8_rs3uuIapbopQ800cO8U92gxnMaw05y9-ldUZpnScj_2v0x9RM9pJYi01ium-rlrOgxUr29xhWktqs1ZMzjnJkMvQjO4S_8cbgj0gma83m0-q7j0daMqkk3JM6lq5fou5i8Mereu9rmci28u3WYYa9dot6bcV_nfx7Wk3-ZneMkw0MxMj42Svc6Sb9rIw0dsx0R9OVqerSQxdkwoOIaz6MwMtqjtZoWWSWmRh6R-fM8-cigjR3u1WjWVRyZ3k4BpcveI4S63M2SnQ-5F67wYXZ_6kWtXnRR91JcMhMj7BWFqigtnegOUOBIzc7yfqUh4U9n9hSRFqZyJpjMXY9g3p2VIJJ4uSUpI3X495ZYx9p",
    "id_token": "eyJhbGciOiJSUzI1NiIsImtpZCI6ImRkNTMwMTIwNGZjMWQ2YTBkNjhjNzgzYTM1Y2M5YzEwYjI1ZTFmNGEiLCJ0eXAiOiJKV1QifQ.eyJhdWQiOiIzMjU1NTk0MDU1OS5hcHBzLmdvb2dsZXVzZXJjb250ZW50LmNvbSIsImF6cCI6IjEwMzI2NzA1MjQ4NTMwMzYxNzI0OSIsImV4cCI6MTc1MzgxODAxNiwiaWF0IjoxNzUzODE0NDE2LCJpc3MiOiJodHRwczovL2FjY291bnRzLmdvb2dsZS5jb20iLCJzdWIiOiIxMDMyNjcwNTI0ODUzMDM2MTcyNDkifQ.P36W0kKvHOVd-EYkF4pk1jfOEOayGwEW6CpqxUaDf9NYYasAQ97gtRv9AVXehn0ZmFS2xEeVokjATmfqtjgdq67CQKu_PUYd78z87oXsUUcd3MBXbgr66I-td2ghlW8MT_IB4PZjAhMdvAr9s2Dxf0jg-yvakUIGn1YuqQOwC1juO7wHlV8n4FHkpdelUU5BugCwk1PCQOXI-h4qf2id3Tk_w0IAm3h6mWUqi4tNkAQcAR34tjLckxxKkjBDf6FUvh_vPjhpHz2Z3TtCVISMOVC86eCzg-9Ohaa8wNEpg8YbwfZT8GFtLUin2kmxX5N8oRBksn4KQ9lsdNHGrwvJew",
    "token_expiry": "2025-07-29T19:36:26Z"
  },
  "sentinels": {
    "config_sentinel": "/home/jupyter/.config/gcloud/config_sentinel"
  }
}
2025-07-29 18:55:06,861 INFO     ___FILE_ONLY___ 

2025-07-29 18:55:06,862 DEBUG    root            SDK update checks are disabled.
