2025-07-29 19:03:40,103 DEBUG    root            Loaded Command Group: ['gcloud', 'services']
2025-07-29 19:03:40,110 DEBUG    root            Loaded Command Group: ['gcloud', 'services', 'list']
2025-07-29 19:03:40,114 DEBUG    root            Running [gcloud.services.list] with arguments: [--enabled: "True", --project: "qwiklabs-asl-01-e660751acd56"]
2025-07-29 19:03:40,158 DEBUG    root            Chosen display Format:
          table(
            config.name:label=NAME:sort=1,
            config.title
          )
        
2025-07-29 19:03:40,159 INFO     root            Display format: "
          table(
            config.name:label=NAME:sort=1,
            config.title
          )
        "
2025-07-29 19:03:40,164 DEBUG    urllib3.connectionpool Starting new HTTPS connection (1): serviceusage.googleapis.com:443
2025-07-29 19:03:40,670 DEBUG    urllib3.connectionpool https://serviceusage.googleapis.com:443 "GET /v1/projects/qwiklabs-asl-01-e660751acd56/services?alt=json&filter=state%3AENABLED&pageSize=200 HTTP/11" 200 None
2025-07-29 19:03:40,969 INFO     ___FILE_ONLY___ NAME
2025-07-29 19:03:40,970 INFO     ___FILE_ONLY___                                       
2025-07-29 19:03:40,970 INFO     ___FILE_ONLY___ TITLE
2025-07-29 19:03:40,970 INFO     ___FILE_ONLY___ 

2025-07-29 19:03:40,970 INFO     ___FILE_ONLY___ actions.googleapis.com
2025-07-29 19:03:40,970 INFO     ___FILE_ONLY___                     
2025-07-29 19:03:40,970 INFO     ___FILE_ONLY___ Actions API
2025-07-29 19:03:40,970 INFO     ___FILE_ONLY___ 

2025-07-29 19:03:40,970 INFO     ___FILE_ONLY___ aiplatform.googleapis.com
2025-07-29 19:03:40,971 INFO     ___FILE_ONLY___                  
2025-07-29 19:03:40,971 INFO     ___FILE_ONLY___ Vertex AI API
2025-07-29 19:03:40,971 INFO     ___FILE_ONLY___ 

2025-07-29 19:03:40,971 INFO     ___FILE_ONLY___ analyticshub.googleapis.com
2025-07-29 19:03:40,971 INFO     ___FILE_ONLY___                
2025-07-29 19:03:40,971 INFO     ___FILE_ONLY___ Analytics Hub API
2025-07-29 19:03:40,971 INFO     ___FILE_ONLY___ 

2025-07-29 19:03:40,971 INFO     ___FILE_ONLY___ androiddeviceprovisioning.googleapis.com
2025-07-29 19:03:40,971 INFO     ___FILE_ONLY___   
2025-07-29 19:03:40,971 INFO     ___FILE_ONLY___ Android Device Provisioning Partner API
2025-07-29 19:03:40,971 INFO     ___FILE_ONLY___ 

2025-07-29 19:03:40,971 INFO     ___FILE_ONLY___ appengine.googleapis.com
2025-07-29 19:03:40,971 INFO     ___FILE_ONLY___                   
2025-07-29 19:03:40,971 INFO     ___FILE_ONLY___ App Engine Admin API
2025-07-29 19:03:40,972 INFO     ___FILE_ONLY___ 

2025-07-29 19:03:40,972 INFO     ___FILE_ONLY___ appengineflex.googleapis.com
2025-07-29 19:03:40,972 INFO     ___FILE_ONLY___               
2025-07-29 19:03:40,972 INFO     ___FILE_ONLY___ Google App Engine Flexible Environment
2025-07-29 19:03:40,972 INFO     ___FILE_ONLY___ 

2025-07-29 19:03:40,972 INFO     ___FILE_ONLY___ artifactregistry.googleapis.com
2025-07-29 19:03:40,972 INFO     ___FILE_ONLY___            
2025-07-29 19:03:40,972 INFO     ___FILE_ONLY___ Artifact Registry API
2025-07-29 19:03:40,972 INFO     ___FILE_ONLY___ 

2025-07-29 19:03:40,972 INFO     ___FILE_ONLY___ autoscaling.googleapis.com
2025-07-29 19:03:40,972 INFO     ___FILE_ONLY___                 
2025-07-29 19:03:40,972 INFO     ___FILE_ONLY___ Cloud Autoscaling API
2025-07-29 19:03:40,972 INFO     ___FILE_ONLY___ 

2025-07-29 19:03:40,972 INFO     ___FILE_ONLY___ bigquery.googleapis.com
2025-07-29 19:03:40,972 INFO     ___FILE_ONLY___                    
2025-07-29 19:03:40,973 INFO     ___FILE_ONLY___ BigQuery API
2025-07-29 19:03:40,973 INFO     ___FILE_ONLY___ 

2025-07-29 19:03:40,973 INFO     ___FILE_ONLY___ bigqueryconnection.googleapis.com
2025-07-29 19:03:40,973 INFO     ___FILE_ONLY___          
2025-07-29 19:03:40,973 INFO     ___FILE_ONLY___ BigQuery Connection API
2025-07-29 19:03:40,973 INFO     ___FILE_ONLY___ 

2025-07-29 19:03:40,973 INFO     ___FILE_ONLY___ bigquerydatapolicy.googleapis.com
2025-07-29 19:03:40,973 INFO     ___FILE_ONLY___          
2025-07-29 19:03:40,973 INFO     ___FILE_ONLY___ BigQuery Data Policy API
2025-07-29 19:03:40,973 INFO     ___FILE_ONLY___ 

2025-07-29 19:03:40,974 INFO     ___FILE_ONLY___ bigquerydatatransfer.googleapis.com
2025-07-29 19:03:40,974 INFO     ___FILE_ONLY___        
2025-07-29 19:03:40,975 INFO     ___FILE_ONLY___ BigQuery Data Transfer API
2025-07-29 19:03:40,975 INFO     ___FILE_ONLY___ 

2025-07-29 19:03:40,975 INFO     ___FILE_ONLY___ bigquerymigration.googleapis.com
2025-07-29 19:03:40,975 INFO     ___FILE_ONLY___           
2025-07-29 19:03:40,975 INFO     ___FILE_ONLY___ BigQuery Migration API
2025-07-29 19:03:40,975 INFO     ___FILE_ONLY___ 

2025-07-29 19:03:40,975 INFO     ___FILE_ONLY___ bigqueryreservation.googleapis.com
2025-07-29 19:03:40,976 INFO     ___FILE_ONLY___         
2025-07-29 19:03:40,976 INFO     ___FILE_ONLY___ BigQuery Reservation API
2025-07-29 19:03:40,976 INFO     ___FILE_ONLY___ 

2025-07-29 19:03:40,976 INFO     ___FILE_ONLY___ bigquerystorage.googleapis.com
2025-07-29 19:03:40,976 INFO     ___FILE_ONLY___             
2025-07-29 19:03:40,976 INFO     ___FILE_ONLY___ BigQuery Storage API
2025-07-29 19:03:40,976 INFO     ___FILE_ONLY___ 

2025-07-29 19:03:40,977 INFO     ___FILE_ONLY___ bigtable.googleapis.com
2025-07-29 19:03:40,977 INFO     ___FILE_ONLY___                    
2025-07-29 19:03:40,977 INFO     ___FILE_ONLY___ Cloud Bigtable API
2025-07-29 19:03:40,978 INFO     ___FILE_ONLY___ 

2025-07-29 19:03:40,978 INFO     ___FILE_ONLY___ bigtableadmin.googleapis.com
2025-07-29 19:03:40,979 INFO     ___FILE_ONLY___               
2025-07-29 19:03:40,979 INFO     ___FILE_ONLY___ Cloud Bigtable Admin API
2025-07-29 19:03:40,979 INFO     ___FILE_ONLY___ 

2025-07-29 19:03:40,979 INFO     ___FILE_ONLY___ bigtabletableadmin.googleapis.com
2025-07-29 19:03:40,979 INFO     ___FILE_ONLY___          
2025-07-29 19:03:40,979 INFO     ___FILE_ONLY___ Cloud Bigtable Table Admin API
2025-07-29 19:03:40,979 INFO     ___FILE_ONLY___ 

2025-07-29 19:03:40,979 INFO     ___FILE_ONLY___ calendar-json.googleapis.com
2025-07-29 19:03:40,979 INFO     ___FILE_ONLY___               
2025-07-29 19:03:40,979 INFO     ___FILE_ONLY___ Google Calendar API
2025-07-29 19:03:40,979 INFO     ___FILE_ONLY___ 

2025-07-29 19:03:40,980 INFO     ___FILE_ONLY___ chat.googleapis.com
2025-07-29 19:03:40,980 INFO     ___FILE_ONLY___                        
2025-07-29 19:03:40,980 INFO     ___FILE_ONLY___ Google Chat API
2025-07-29 19:03:40,980 INFO     ___FILE_ONLY___ 

2025-07-29 19:03:40,980 INFO     ___FILE_ONLY___ cloudapis.googleapis.com
2025-07-29 19:03:40,980 INFO     ___FILE_ONLY___                   
2025-07-29 19:03:40,980 INFO     ___FILE_ONLY___ Google Cloud APIs
2025-07-29 19:03:40,981 INFO     ___FILE_ONLY___ 

2025-07-29 19:03:40,981 INFO     ___FILE_ONLY___ cloudbilling.googleapis.com
2025-07-29 19:03:40,982 INFO     ___FILE_ONLY___                
2025-07-29 19:03:40,982 INFO     ___FILE_ONLY___ Cloud Billing API
2025-07-29 19:03:40,982 INFO     ___FILE_ONLY___ 

2025-07-29 19:03:40,982 INFO     ___FILE_ONLY___ cloudbuild.googleapis.com
2025-07-29 19:03:40,983 INFO     ___FILE_ONLY___                  
2025-07-29 19:03:40,983 INFO     ___FILE_ONLY___ Cloud Build API
2025-07-29 19:03:40,983 INFO     ___FILE_ONLY___ 

2025-07-29 19:03:40,983 INFO     ___FILE_ONLY___ clouderrorreporting.googleapis.com
2025-07-29 19:03:40,983 INFO     ___FILE_ONLY___         
2025-07-29 19:03:40,983 INFO     ___FILE_ONLY___ Error Reporting API
2025-07-29 19:03:40,983 INFO     ___FILE_ONLY___ 

2025-07-29 19:03:40,983 INFO     ___FILE_ONLY___ cloudfunctions.googleapis.com
2025-07-29 19:03:40,984 INFO     ___FILE_ONLY___              
2025-07-29 19:03:40,984 INFO     ___FILE_ONLY___ Cloud Functions API
2025-07-29 19:03:40,984 INFO     ___FILE_ONLY___ 

2025-07-29 19:03:40,984 INFO     ___FILE_ONLY___ cloudkms.googleapis.com
2025-07-29 19:03:40,984 INFO     ___FILE_ONLY___                    
2025-07-29 19:03:40,984 INFO     ___FILE_ONLY___ Cloud Key Management Service (KMS) API
2025-07-29 19:03:40,984 INFO     ___FILE_ONLY___ 

2025-07-29 19:03:40,984 INFO     ___FILE_ONLY___ cloudlatencytest.googleapis.com
2025-07-29 19:03:40,984 INFO     ___FILE_ONLY___            
2025-07-29 19:03:40,984 INFO     ___FILE_ONLY___ Cloud Network Performance Monitoring API
2025-07-29 19:03:40,984 INFO     ___FILE_ONLY___ 

2025-07-29 19:03:40,984 INFO     ___FILE_ONLY___ cloudresourcemanager.googleapis.com
2025-07-29 19:03:40,985 INFO     ___FILE_ONLY___        
2025-07-29 19:03:40,985 INFO     ___FILE_ONLY___ Cloud Resource Manager API
2025-07-29 19:03:40,985 INFO     ___FILE_ONLY___ 

2025-07-29 19:03:40,985 INFO     ___FILE_ONLY___ cloudtasks.googleapis.com
2025-07-29 19:03:40,985 INFO     ___FILE_ONLY___                  
2025-07-29 19:03:40,985 INFO     ___FILE_ONLY___ Cloud Tasks API
2025-07-29 19:03:40,985 INFO     ___FILE_ONLY___ 

2025-07-29 19:03:40,985 INFO     ___FILE_ONLY___ cloudtrace.googleapis.com
2025-07-29 19:03:40,985 INFO     ___FILE_ONLY___                  
2025-07-29 19:03:40,985 INFO     ___FILE_ONLY___ Cloud Trace API
2025-07-29 19:03:40,985 INFO     ___FILE_ONLY___ 

2025-07-29 19:03:40,985 INFO     ___FILE_ONLY___ composer.googleapis.com
2025-07-29 19:03:40,985 INFO     ___FILE_ONLY___                    
2025-07-29 19:03:40,986 INFO     ___FILE_ONLY___ Cloud Composer API
2025-07-29 19:03:40,986 INFO     ___FILE_ONLY___ 

2025-07-29 19:03:40,986 INFO     ___FILE_ONLY___ compute.googleapis.com
2025-07-29 19:03:40,986 INFO     ___FILE_ONLY___                     
2025-07-29 19:03:40,986 INFO     ___FILE_ONLY___ Compute Engine API
2025-07-29 19:03:40,986 INFO     ___FILE_ONLY___ 

2025-07-29 19:03:40,986 INFO     ___FILE_ONLY___ container.googleapis.com
2025-07-29 19:03:40,986 INFO     ___FILE_ONLY___                   
2025-07-29 19:03:40,986 INFO     ___FILE_ONLY___ Kubernetes Engine API
2025-07-29 19:03:40,986 INFO     ___FILE_ONLY___ 

2025-07-29 19:03:40,986 INFO     ___FILE_ONLY___ containeranalysis.googleapis.com
2025-07-29 19:03:40,987 INFO     ___FILE_ONLY___           
2025-07-29 19:03:40,987 INFO     ___FILE_ONLY___ Container Analysis API
2025-07-29 19:03:40,987 INFO     ___FILE_ONLY___ 

2025-07-29 19:03:40,987 INFO     ___FILE_ONLY___ containerfilesystem.googleapis.com
2025-07-29 19:03:40,987 INFO     ___FILE_ONLY___         
2025-07-29 19:03:40,987 INFO     ___FILE_ONLY___ Container File System API
2025-07-29 19:03:40,988 INFO     ___FILE_ONLY___ 

2025-07-29 19:03:40,988 INFO     ___FILE_ONLY___ containerregistry.googleapis.com
2025-07-29 19:03:40,988 INFO     ___FILE_ONLY___           
2025-07-29 19:03:40,988 INFO     ___FILE_ONLY___ Container Registry API
2025-07-29 19:03:40,988 INFO     ___FILE_ONLY___ 

2025-07-29 19:03:40,988 INFO     ___FILE_ONLY___ containerscanning.googleapis.com
2025-07-29 19:03:40,989 INFO     ___FILE_ONLY___           
2025-07-29 19:03:40,989 INFO     ___FILE_ONLY___ Container Scanning API
2025-07-29 19:03:40,989 INFO     ___FILE_ONLY___ 

2025-07-29 19:03:40,989 INFO     ___FILE_ONLY___ dataflow.googleapis.com
2025-07-29 19:03:40,989 INFO     ___FILE_ONLY___                    
2025-07-29 19:03:40,989 INFO     ___FILE_ONLY___ Dataflow API
2025-07-29 19:03:40,989 INFO     ___FILE_ONLY___ 

2025-07-29 19:03:40,989 INFO     ___FILE_ONLY___ dataform.googleapis.com
2025-07-29 19:03:40,990 INFO     ___FILE_ONLY___                    
2025-07-29 19:03:40,990 INFO     ___FILE_ONLY___ Dataform API
2025-07-29 19:03:40,990 INFO     ___FILE_ONLY___ 

2025-07-29 19:03:40,990 INFO     ___FILE_ONLY___ dataplex.googleapis.com
2025-07-29 19:03:40,990 INFO     ___FILE_ONLY___                    
2025-07-29 19:03:40,990 INFO     ___FILE_ONLY___ Cloud Dataplex API
2025-07-29 19:03:40,990 INFO     ___FILE_ONLY___ 

2025-07-29 19:03:40,991 INFO     ___FILE_ONLY___ dataproc-control.googleapis.com
2025-07-29 19:03:40,991 INFO     ___FILE_ONLY___            
2025-07-29 19:03:40,991 INFO     ___FILE_ONLY___ Cloud Dataproc Control API
2025-07-29 19:03:40,991 INFO     ___FILE_ONLY___ 

2025-07-29 19:03:40,991 INFO     ___FILE_ONLY___ dataproc.googleapis.com
2025-07-29 19:03:40,991 INFO     ___FILE_ONLY___                    
2025-07-29 19:03:40,991 INFO     ___FILE_ONLY___ Cloud Dataproc API
2025-07-29 19:03:40,991 INFO     ___FILE_ONLY___ 

2025-07-29 19:03:40,991 INFO     ___FILE_ONLY___ dataprocrm.googleapis.com
2025-07-29 19:03:40,991 INFO     ___FILE_ONLY___                  
2025-07-29 19:03:40,991 INFO     ___FILE_ONLY___ Dataproc Resource Manager API
2025-07-29 19:03:40,991 INFO     ___FILE_ONLY___ 

2025-07-29 19:03:40,991 INFO     ___FILE_ONLY___ datastore.googleapis.com
2025-07-29 19:03:40,991 INFO     ___FILE_ONLY___                   
2025-07-29 19:03:40,992 INFO     ___FILE_ONLY___ Cloud Datastore API
2025-07-29 19:03:40,992 INFO     ___FILE_ONLY___ 

2025-07-29 19:03:40,992 INFO     ___FILE_ONLY___ deploymentmanager.googleapis.com
2025-07-29 19:03:40,992 INFO     ___FILE_ONLY___           
2025-07-29 19:03:40,992 INFO     ___FILE_ONLY___ Cloud Deployment Manager V2 API
2025-07-29 19:03:40,992 INFO     ___FILE_ONLY___ 

2025-07-29 19:03:40,992 INFO     ___FILE_ONLY___ dlp.googleapis.com
2025-07-29 19:03:40,992 INFO     ___FILE_ONLY___                         
2025-07-29 19:03:40,992 INFO     ___FILE_ONLY___ Sensitive Data Protection (DLP)
2025-07-29 19:03:40,992 INFO     ___FILE_ONLY___ 

2025-07-29 19:03:40,992 INFO     ___FILE_ONLY___ dns.googleapis.com
2025-07-29 19:03:40,992 INFO     ___FILE_ONLY___                         
2025-07-29 19:03:40,992 INFO     ___FILE_ONLY___ Cloud DNS API
2025-07-29 19:03:40,993 INFO     ___FILE_ONLY___ 

2025-07-29 19:03:40,993 INFO     ___FILE_ONLY___ drive.googleapis.com
2025-07-29 19:03:40,993 INFO     ___FILE_ONLY___                       
2025-07-29 19:03:40,993 INFO     ___FILE_ONLY___ Google Drive API
2025-07-29 19:03:40,993 INFO     ___FILE_ONLY___ 

2025-07-29 19:03:40,993 INFO     ___FILE_ONLY___ endpoints.googleapis.com
2025-07-29 19:03:40,993 INFO     ___FILE_ONLY___                   
2025-07-29 19:03:40,993 INFO     ___FILE_ONLY___ Google Cloud Endpoints
2025-07-29 19:03:40,993 INFO     ___FILE_ONLY___ 

2025-07-29 19:03:40,993 INFO     ___FILE_ONLY___ firebasedynamiclinks.googleapis.com
2025-07-29 19:03:40,993 INFO     ___FILE_ONLY___        
2025-07-29 19:03:40,993 INFO     ___FILE_ONLY___ Firebase Dynamic Links API
2025-07-29 19:03:40,993 INFO     ___FILE_ONLY___ 

2025-07-29 19:03:40,993 INFO     ___FILE_ONLY___ firebaseinstallations.googleapis.com
2025-07-29 19:03:40,994 INFO     ___FILE_ONLY___       
2025-07-29 19:03:40,994 INFO     ___FILE_ONLY___ Firebase Installations API
2025-07-29 19:03:40,995 INFO     ___FILE_ONLY___ 

2025-07-29 19:03:40,995 INFO     ___FILE_ONLY___ firebaseremoteconfig.googleapis.com
2025-07-29 19:03:40,995 INFO     ___FILE_ONLY___        
2025-07-29 19:03:40,995 INFO     ___FILE_ONLY___ Firebase Remote Config API
2025-07-29 19:03:40,995 INFO     ___FILE_ONLY___ 

2025-07-29 19:03:40,995 INFO     ___FILE_ONLY___ firebaserules.googleapis.com
2025-07-29 19:03:40,995 INFO     ___FILE_ONLY___               
2025-07-29 19:03:40,995 INFO     ___FILE_ONLY___ Firebase Rules API
2025-07-29 19:03:40,996 INFO     ___FILE_ONLY___ 

2025-07-29 19:03:40,996 INFO     ___FILE_ONLY___ firestore.googleapis.com
2025-07-29 19:03:40,996 INFO     ___FILE_ONLY___                   
2025-07-29 19:03:40,996 INFO     ___FILE_ONLY___ Cloud Firestore API
2025-07-29 19:03:40,996 INFO     ___FILE_ONLY___ 

2025-07-29 19:03:40,996 INFO     ___FILE_ONLY___ gkebackup.googleapis.com
2025-07-29 19:03:40,996 INFO     ___FILE_ONLY___                   
2025-07-29 19:03:40,996 INFO     ___FILE_ONLY___ Backup for GKE API
2025-07-29 19:03:40,996 INFO     ___FILE_ONLY___ 

2025-07-29 19:03:40,996 INFO     ___FILE_ONLY___ gmail.googleapis.com
2025-07-29 19:03:40,997 INFO     ___FILE_ONLY___                       
2025-07-29 19:03:40,997 INFO     ___FILE_ONLY___ Gmail API
2025-07-29 19:03:40,997 INFO     ___FILE_ONLY___ 

2025-07-29 19:03:40,997 INFO     ___FILE_ONLY___ groupsmigration.googleapis.com
2025-07-29 19:03:40,997 INFO     ___FILE_ONLY___             
2025-07-29 19:03:40,997 INFO     ___FILE_ONLY___ Groups Migration API
2025-07-29 19:03:40,997 INFO     ___FILE_ONLY___ 

2025-07-29 19:03:40,997 INFO     ___FILE_ONLY___ groupssettings.googleapis.com
2025-07-29 19:03:40,997 INFO     ___FILE_ONLY___              
2025-07-29 19:03:40,997 INFO     ___FILE_ONLY___ Groups Settings API
2025-07-29 19:03:40,997 INFO     ___FILE_ONLY___ 

2025-07-29 19:03:40,997 INFO     ___FILE_ONLY___ iam.googleapis.com
2025-07-29 19:03:40,997 INFO     ___FILE_ONLY___                         
2025-07-29 19:03:40,998 INFO     ___FILE_ONLY___ Identity and Access Management (IAM) API
2025-07-29 19:03:40,998 INFO     ___FILE_ONLY___ 

2025-07-29 19:03:40,998 INFO     ___FILE_ONLY___ iamcredentials.googleapis.com
2025-07-29 19:03:40,998 INFO     ___FILE_ONLY___              
2025-07-29 19:03:40,998 INFO     ___FILE_ONLY___ IAM Service Account Credentials API
2025-07-29 19:03:40,998 INFO     ___FILE_ONLY___ 

2025-07-29 19:03:40,998 INFO     ___FILE_ONLY___ language.googleapis.com
2025-07-29 19:03:40,998 INFO     ___FILE_ONLY___                    
2025-07-29 19:03:40,998 INFO     ___FILE_ONLY___ Cloud Natural Language API
2025-07-29 19:03:40,998 INFO     ___FILE_ONLY___ 

2025-07-29 19:03:40,998 INFO     ___FILE_ONLY___ logging.googleapis.com
2025-07-29 19:03:40,998 INFO     ___FILE_ONLY___                     
2025-07-29 19:03:40,999 INFO     ___FILE_ONLY___ Cloud Logging API
2025-07-29 19:03:40,999 INFO     ___FILE_ONLY___ 

2025-07-29 19:03:40,999 INFO     ___FILE_ONLY___ maps-android-backend.googleapis.com
2025-07-29 19:03:40,999 INFO     ___FILE_ONLY___        
2025-07-29 19:03:40,999 INFO     ___FILE_ONLY___ Maps SDK for Android
2025-07-29 19:03:40,999 INFO     ___FILE_ONLY___ 

2025-07-29 19:03:40,999 INFO     ___FILE_ONLY___ maps-embed-backend.googleapis.com
2025-07-29 19:03:40,999 INFO     ___FILE_ONLY___          
2025-07-29 19:03:40,999 INFO     ___FILE_ONLY___ Maps Embed API
2025-07-29 19:03:40,999 INFO     ___FILE_ONLY___ 

2025-07-29 19:03:40,999 INFO     ___FILE_ONLY___ maps-ios-backend.googleapis.com
2025-07-29 19:03:41,000 INFO     ___FILE_ONLY___            
2025-07-29 19:03:41,000 INFO     ___FILE_ONLY___ Maps SDK for iOS
2025-07-29 19:03:41,000 INFO     ___FILE_ONLY___ 

2025-07-29 19:03:41,000 INFO     ___FILE_ONLY___ monitoring.googleapis.com
2025-07-29 19:03:41,000 INFO     ___FILE_ONLY___                  
2025-07-29 19:03:41,000 INFO     ___FILE_ONLY___ Cloud Monitoring API
2025-07-29 19:03:41,000 INFO     ___FILE_ONLY___ 

2025-07-29 19:03:41,000 INFO     ___FILE_ONLY___ networkconnectivity.googleapis.com
2025-07-29 19:03:41,000 INFO     ___FILE_ONLY___         
2025-07-29 19:03:41,000 INFO     ___FILE_ONLY___ Network Connectivity API
2025-07-29 19:03:41,000 INFO     ___FILE_ONLY___ 

2025-07-29 19:03:41,000 INFO     ___FILE_ONLY___ notebooks.googleapis.com
2025-07-29 19:03:41,000 INFO     ___FILE_ONLY___                   
2025-07-29 19:03:41,000 INFO     ___FILE_ONLY___ Notebooks API
2025-07-29 19:03:41,001 INFO     ___FILE_ONLY___ 

2025-07-29 19:03:41,001 INFO     ___FILE_ONLY___ oslogin.googleapis.com
2025-07-29 19:03:41,001 INFO     ___FILE_ONLY___                     
2025-07-29 19:03:41,001 INFO     ___FILE_ONLY___ Cloud OS Login API
2025-07-29 19:03:41,001 INFO     ___FILE_ONLY___ 

2025-07-29 19:03:41,001 INFO     ___FILE_ONLY___ people.googleapis.com
2025-07-29 19:03:41,001 INFO     ___FILE_ONLY___                      
2025-07-29 19:03:41,001 INFO     ___FILE_ONLY___ People API
2025-07-29 19:03:41,001 INFO     ___FILE_ONLY___ 

2025-07-29 19:03:41,001 INFO     ___FILE_ONLY___ pubsub.googleapis.com
2025-07-29 19:03:41,001 INFO     ___FILE_ONLY___                      
2025-07-29 19:03:41,001 INFO     ___FILE_ONLY___ Cloud Pub/Sub API
2025-07-29 19:03:41,001 INFO     ___FILE_ONLY___ 

2025-07-29 19:03:41,001 INFO     ___FILE_ONLY___ resourceviews.googleapis.com
2025-07-29 19:03:41,002 INFO     ___FILE_ONLY___               
2025-07-29 19:03:41,002 INFO     ___FILE_ONLY___ Compute Engine Instance Groups API
2025-07-29 19:03:41,002 INFO     ___FILE_ONLY___ 

2025-07-29 19:03:41,002 INFO     ___FILE_ONLY___ run.googleapis.com
2025-07-29 19:03:41,002 INFO     ___FILE_ONLY___                         
2025-07-29 19:03:41,002 INFO     ___FILE_ONLY___ Cloud Run Admin API
2025-07-29 19:03:41,002 INFO     ___FILE_ONLY___ 

2025-07-29 19:03:41,002 INFO     ___FILE_ONLY___ runtimeconfig.googleapis.com
2025-07-29 19:03:41,002 INFO     ___FILE_ONLY___               
2025-07-29 19:03:41,002 INFO     ___FILE_ONLY___ Cloud Runtime Configuration API
2025-07-29 19:03:41,002 INFO     ___FILE_ONLY___ 

2025-07-29 19:03:41,002 INFO     ___FILE_ONLY___ script.googleapis.com
2025-07-29 19:03:41,002 INFO     ___FILE_ONLY___                      
2025-07-29 19:03:41,002 INFO     ___FILE_ONLY___ Apps Script API
2025-07-29 19:03:41,003 INFO     ___FILE_ONLY___ 

2025-07-29 19:03:41,003 INFO     ___FILE_ONLY___ servicecontrol.googleapis.com
2025-07-29 19:03:41,003 INFO     ___FILE_ONLY___              
2025-07-29 19:03:41,003 INFO     ___FILE_ONLY___ Service Control API
2025-07-29 19:03:41,003 INFO     ___FILE_ONLY___ 

2025-07-29 19:03:41,003 INFO     ___FILE_ONLY___ servicemanagement.googleapis.com
2025-07-29 19:03:41,003 INFO     ___FILE_ONLY___           
2025-07-29 19:03:41,003 INFO     ___FILE_ONLY___ Service Management API
2025-07-29 19:03:41,003 INFO     ___FILE_ONLY___ 

2025-07-29 19:03:41,003 INFO     ___FILE_ONLY___ serviceusage.googleapis.com
2025-07-29 19:03:41,003 INFO     ___FILE_ONLY___                
2025-07-29 19:03:41,003 INFO     ___FILE_ONLY___ Service Usage API
2025-07-29 19:03:41,003 INFO     ___FILE_ONLY___ 

2025-07-29 19:03:41,003 INFO     ___FILE_ONLY___ sheets.googleapis.com
2025-07-29 19:03:41,003 INFO     ___FILE_ONLY___                      
2025-07-29 19:03:41,004 INFO     ___FILE_ONLY___ Google Sheets API
2025-07-29 19:03:41,004 INFO     ___FILE_ONLY___ 

2025-07-29 19:03:41,004 INFO     ___FILE_ONLY___ source.googleapis.com
2025-07-29 19:03:41,004 INFO     ___FILE_ONLY___                      
2025-07-29 19:03:41,004 INFO     ___FILE_ONLY___ Legacy Cloud Source Repositories API
2025-07-29 19:03:41,004 INFO     ___FILE_ONLY___ 

2025-07-29 19:03:41,004 INFO     ___FILE_ONLY___ sourcerepo.googleapis.com
2025-07-29 19:03:41,004 INFO     ___FILE_ONLY___                  
2025-07-29 19:03:41,004 INFO     ___FILE_ONLY___ Cloud Source Repositories API
2025-07-29 19:03:41,004 INFO     ___FILE_ONLY___ 

2025-07-29 19:03:41,004 INFO     ___FILE_ONLY___ spanner.googleapis.com
2025-07-29 19:03:41,004 INFO     ___FILE_ONLY___                     
2025-07-29 19:03:41,004 INFO     ___FILE_ONLY___ Cloud Spanner API
2025-07-29 19:03:41,004 INFO     ___FILE_ONLY___ 

2025-07-29 19:03:41,005 INFO     ___FILE_ONLY___ speech.googleapis.com
2025-07-29 19:03:41,005 INFO     ___FILE_ONLY___                      
2025-07-29 19:03:41,005 INFO     ___FILE_ONLY___ Cloud Speech-to-Text API
2025-07-29 19:03:41,005 INFO     ___FILE_ONLY___ 

2025-07-29 19:03:41,005 INFO     ___FILE_ONLY___ sql-component.googleapis.com
2025-07-29 19:03:41,005 INFO     ___FILE_ONLY___               
2025-07-29 19:03:41,005 INFO     ___FILE_ONLY___ Cloud SQL
2025-07-29 19:03:41,005 INFO     ___FILE_ONLY___ 

2025-07-29 19:03:41,005 INFO     ___FILE_ONLY___ sqladmin.googleapis.com
2025-07-29 19:03:41,006 INFO     ___FILE_ONLY___                    
2025-07-29 19:03:41,006 INFO     ___FILE_ONLY___ Cloud SQL Admin API
2025-07-29 19:03:41,006 INFO     ___FILE_ONLY___ 

2025-07-29 19:03:41,006 INFO     ___FILE_ONLY___ storage-api.googleapis.com
2025-07-29 19:03:41,006 INFO     ___FILE_ONLY___                 
2025-07-29 19:03:41,006 INFO     ___FILE_ONLY___ Google Cloud Storage JSON API
2025-07-29 19:03:41,006 INFO     ___FILE_ONLY___ 

2025-07-29 19:03:41,006 INFO     ___FILE_ONLY___ storage-component.googleapis.com
2025-07-29 19:03:41,006 INFO     ___FILE_ONLY___           
2025-07-29 19:03:41,006 INFO     ___FILE_ONLY___ Cloud Storage
2025-07-29 19:03:41,007 INFO     ___FILE_ONLY___ 

2025-07-29 19:03:41,007 INFO     ___FILE_ONLY___ storage.googleapis.com
2025-07-29 19:03:41,007 INFO     ___FILE_ONLY___                     
2025-07-29 19:03:41,007 INFO     ___FILE_ONLY___ Cloud Storage API
2025-07-29 19:03:41,007 INFO     ___FILE_ONLY___ 

2025-07-29 19:03:41,007 INFO     ___FILE_ONLY___ storagetransfer.googleapis.com
2025-07-29 19:03:41,007 INFO     ___FILE_ONLY___             
2025-07-29 19:03:41,007 INFO     ___FILE_ONLY___ Storage Transfer API
2025-07-29 19:03:41,007 INFO     ___FILE_ONLY___ 

2025-07-29 19:03:41,007 INFO     ___FILE_ONLY___ tasks.googleapis.com
2025-07-29 19:03:41,007 INFO     ___FILE_ONLY___                       
2025-07-29 19:03:41,007 INFO     ___FILE_ONLY___ Google Tasks API
2025-07-29 19:03:41,007 INFO     ___FILE_ONLY___ 

2025-07-29 19:03:41,008 INFO     ___FILE_ONLY___ testing.googleapis.com
2025-07-29 19:03:41,008 INFO     ___FILE_ONLY___                     
2025-07-29 19:03:41,008 INFO     ___FILE_ONLY___ Cloud Testing API
2025-07-29 19:03:41,008 INFO     ___FILE_ONLY___ 

2025-07-29 19:03:41,008 INFO     ___FILE_ONLY___ toolresults.googleapis.com
2025-07-29 19:03:41,008 INFO     ___FILE_ONLY___                 
2025-07-29 19:03:41,008 INFO     ___FILE_ONLY___ Cloud Tool Results API
2025-07-29 19:03:41,008 INFO     ___FILE_ONLY___ 

2025-07-29 19:03:41,008 INFO     ___FILE_ONLY___ translate.googleapis.com
2025-07-29 19:03:41,008 INFO     ___FILE_ONLY___                   
2025-07-29 19:03:41,008 INFO     ___FILE_ONLY___ Cloud Translation API
2025-07-29 19:03:41,008 INFO     ___FILE_ONLY___ 

2025-07-29 19:03:41,008 INFO     ___FILE_ONLY___ videointelligence.googleapis.com
2025-07-29 19:03:41,009 INFO     ___FILE_ONLY___           
2025-07-29 19:03:41,009 INFO     ___FILE_ONLY___ Cloud Video Intelligence API
2025-07-29 19:03:41,009 INFO     ___FILE_ONLY___ 

2025-07-29 19:03:41,009 INFO     ___FILE_ONLY___ vision.googleapis.com
2025-07-29 19:03:41,009 INFO     ___FILE_ONLY___                      
2025-07-29 19:03:41,009 INFO     ___FILE_ONLY___ Cloud Vision API
2025-07-29 19:03:41,009 INFO     ___FILE_ONLY___ 

2025-07-29 19:03:41,009 INFO     ___FILE_ONLY___ youtubeanalytics.googleapis.com
2025-07-29 19:03:41,009 INFO     ___FILE_ONLY___            
2025-07-29 19:03:41,009 INFO     ___FILE_ONLY___ YouTube Analytics API
2025-07-29 19:03:41,010 INFO     ___FILE_ONLY___ 

2025-07-29 19:03:41,010 INFO     ___FILE_ONLY___ youtubereporting.googleapis.com
2025-07-29 19:03:41,010 INFO     ___FILE_ONLY___            
2025-07-29 19:03:41,010 INFO     ___FILE_ONLY___ YouTube Reporting API
2025-07-29 19:03:41,010 INFO     ___FILE_ONLY___ 

2025-07-29 19:03:41,010 DEBUG    root            SDK update checks are disabled.
